<?xml version="1.0" encoding="UTF-8"?>
<testsuite xmlns:xsi="http://www.w3.org/2001/XMLSchema-instance" xsi:noNamespaceSchemaLocation="https://maven.apache.org/surefire/maven-surefire-plugin/xsd/surefire-test-report.xsd" name="com.qa.test.TestRunner" time="6.542" tests="12" errors="0" skipped="0" failures="2">
  <properties>
    <property name="gopherProxySet" value="false"/>
    <property name="awt.toolkit" value="sun.lwawt.macosx.LWCToolkit"/>
    <property name="java.specification.version" value="11"/>
    <property name="sun.cpu.isalist" value=""/>
    <property name="sun.jnu.encoding" value="UTF-8"/>
    <property name="java.class.path" value="/Users/arpithahm/testProjectRestAssuresd/target/test-classes:/Users/arpithahm/testProjectRestAssuresd/target/classes:/Users/arpithahm/.m2/repository/io/rest-assured/rest-assured/4.1.2/rest-assured-4.1.2.jar:/Users/arpithahm/.m2/repository/org/codehaus/groovy/groovy/2.5.8/groovy-2.5.8.jar:/Users/arpithahm/.m2/repository/org/codehaus/groovy/groovy-xml/2.5.8/groovy-xml-2.5.8.jar:/Users/arpithahm/.m2/repository/org/apache/httpcomponents/httpclient/4.5.3/httpclient-4.5.3.jar:/Users/arpithahm/.m2/repository/org/apache/httpcomponents/httpcore/4.4.6/httpcore-4.4.6.jar:/Users/arpithahm/.m2/repository/commons-logging/commons-logging/1.2/commons-logging-1.2.jar:/Users/arpithahm/.m2/repository/commons-codec/commons-codec/1.9/commons-codec-1.9.jar:/Users/arpithahm/.m2/repository/org/apache/httpcomponents/httpmime/4.5.3/httpmime-4.5.3.jar:/Users/arpithahm/.m2/repository/org/hamcrest/hamcrest/2.1/hamcrest-2.1.jar:/Users/arpithahm/.m2/repository/org/ccil/cowan/tagsoup/tagsoup/1.2.1/tagsoup-1.2.1.jar:/Users/arpithahm/.m2/repository/io/rest-assured/json-path/4.1.2/json-path-4.1.2.jar:/Users/arpithahm/.m2/repository/org/codehaus/groovy/groovy-json/2.5.8/groovy-json-2.5.8.jar:/Users/arpithahm/.m2/repository/io/rest-assured/rest-assured-common/4.1.2/rest-assured-common-4.1.2.jar:/Users/arpithahm/.m2/repository/io/rest-assured/xml-path/4.1.2/xml-path-4.1.2.jar:/Users/arpithahm/.m2/repository/org/apache/commons/commons-lang3/3.4/commons-lang3-3.4.jar:/Users/arpithahm/.m2/repository/javax/xml/bind/jaxb-api/2.3.1/jaxb-api-2.3.1.jar:/Users/arpithahm/.m2/repository/javax/activation/javax.activation-api/1.2.0/javax.activation-api-1.2.0.jar:/Users/arpithahm/.m2/repository/com/sun/xml/bind/jaxb-osgi/2.3.0.1/jaxb-osgi-2.3.0.1.jar:/Users/arpithahm/.m2/repository/org/apache/sling/org.apache.sling.javax.activation/0.1.0/org.apache.sling.javax.activation-0.1.0.jar:/Users/arpithahm/.m2/repository/javax/activation/activation/1.1.1/activation-1.1.1.jar:/Users/arpithahm/.m2/repository/info/cukes/cucumber-java/1.2.4/cucumber-java-1.2.4.jar:/Users/arpithahm/.m2/repository/info/cukes/cucumber-core/1.2.4/cucumber-core-1.2.4.jar:/Users/arpithahm/.m2/repository/info/cukes/cucumber-html/0.2.3/cucumber-html-0.2.3.jar:/Users/arpithahm/.m2/repository/info/cukes/cucumber-jvm-deps/1.0.5/cucumber-jvm-deps-1.0.5.jar:/Users/arpithahm/.m2/repository/info/cukes/gherkin/2.12.2/gherkin-2.12.2.jar:/Users/arpithahm/.m2/repository/info/cukes/cucumber-junit/1.2.4/cucumber-junit-1.2.4.jar:/Users/arpithahm/.m2/repository/junit/junit/4.11/junit-4.11.jar:/Users/arpithahm/.m2/repository/com/fasterxml/jackson/core/jackson-databind/2.10.0/jackson-databind-2.10.0.jar:/Users/arpithahm/.m2/repository/com/fasterxml/jackson/core/jackson-annotations/2.10.0/jackson-annotations-2.10.0.jar:/Users/arpithahm/.m2/repository/com/fasterxml/jackson/core/jackson-core/2.10.0/jackson-core-2.10.0.jar:/Users/arpithahm/.m2/repository/io/rest-assured/json-schema-validator/4.1.2/json-schema-validator-4.1.2.jar:/Users/arpithahm/.m2/repository/com/github/java-json-tools/json-schema-validator/2.2.10/json-schema-validator-2.2.10.jar:/Users/arpithahm/.m2/repository/com/github/java-json-tools/json-schema-core/1.2.10/json-schema-core-1.2.10.jar:/Users/arpithahm/.m2/repository/com/github/java-json-tools/jackson-coreutils/1.9/jackson-coreutils-1.9.jar:/Users/arpithahm/.m2/repository/com/google/guava/guava/16.0.1/guava-16.0.1.jar:/Users/arpithahm/.m2/repository/com/github/fge/msg-simple/1.1/msg-simple-1.1.jar:/Users/arpithahm/.m2/repository/com/github/fge/btf/1.2/btf-1.2.jar:/Users/arpithahm/.m2/repository/com/github/fge/uri-template/0.9/uri-template-0.9.jar:/Users/arpithahm/.m2/repository/org/mozilla/rhino/1.7.7.1/rhino-1.7.7.1.jar:/Users/arpithahm/.m2/repository/javax/mail/mailapi/1.4.3/mailapi-1.4.3.jar:/Users/arpithahm/.m2/repository/joda-time/joda-time/2.9.7/joda-time-2.9.7.jar:/Users/arpithahm/.m2/repository/com/googlecode/libphonenumber/libphonenumber/8.0.0/libphonenumber-8.0.0.jar:/Users/arpithahm/.m2/repository/com/google/code/findbugs/jsr305/3.0.1/jsr305-3.0.1.jar:/Users/arpithahm/.m2/repository/net/sf/jopt-simple/jopt-simple/5.0.3/jopt-simple-5.0.3.jar:/Users/arpithahm/.m2/repository/com/jayway/restassured/rest-assured/2.9.0/rest-assured-2.9.0.jar:/Users/arpithahm/.m2/repository/org/hamcrest/hamcrest-core/1.3/hamcrest-core-1.3.jar:/Users/arpithahm/.m2/repository/org/hamcrest/hamcrest-library/1.3/hamcrest-library-1.3.jar:/Users/arpithahm/.m2/repository/com/jayway/restassured/json-path/2.9.0/json-path-2.9.0.jar:/Users/arpithahm/.m2/repository/com/jayway/restassured/rest-assured-common/2.9.0/rest-assured-common-2.9.0.jar:/Users/arpithahm/.m2/repository/com/jayway/restassured/xml-path/2.9.0/xml-path-2.9.0.jar:"/>
    <property name="java.vm.vendor" value="Oracle Corporation"/>
    <property name="sun.arch.data.model" value="64"/>
    <property name="java.vendor.url" value="http://java.oracle.com/"/>
    <property name="user.timezone" value=""/>
    <property name="java.vm.specification.version" value="11"/>
    <property name="os.name" value="Mac OS X"/>
    <property name="sun.java.launcher" value="SUN_STANDARD"/>
    <property name="user.country" value="US"/>
    <property name="sun.boot.library.path" value="/Library/Java/JavaVirtualMachines/jdk-11.0.4.jdk/Contents/Home/lib"/>
    <property name="sun.java.command" value="/Users/arpithahm/testProjectRestAssuresd/target/surefire/surefirebooter13347105186353311440.jar /Users/arpithahm/testProjectRestAssuresd/target/surefire 2019-12-15T14-10-01_598-jvmRun1 surefire14121212579304035316tmp surefire_018087816657636431642tmp"/>
    <property name="http.nonProxyHosts" value="local|*.local|169.254/16|*.169.254/16"/>
    <property name="jdk.debug" value="release"/>
    <property name="surefire.test.class.path" value="/Users/arpithahm/testProjectRestAssuresd/target/test-classes:/Users/arpithahm/testProjectRestAssuresd/target/classes:/Users/arpithahm/.m2/repository/io/rest-assured/rest-assured/4.1.2/rest-assured-4.1.2.jar:/Users/arpithahm/.m2/repository/org/codehaus/groovy/groovy/2.5.8/groovy-2.5.8.jar:/Users/arpithahm/.m2/repository/org/codehaus/groovy/groovy-xml/2.5.8/groovy-xml-2.5.8.jar:/Users/arpithahm/.m2/repository/org/apache/httpcomponents/httpclient/4.5.3/httpclient-4.5.3.jar:/Users/arpithahm/.m2/repository/org/apache/httpcomponents/httpcore/4.4.6/httpcore-4.4.6.jar:/Users/arpithahm/.m2/repository/commons-logging/commons-logging/1.2/commons-logging-1.2.jar:/Users/arpithahm/.m2/repository/commons-codec/commons-codec/1.9/commons-codec-1.9.jar:/Users/arpithahm/.m2/repository/org/apache/httpcomponents/httpmime/4.5.3/httpmime-4.5.3.jar:/Users/arpithahm/.m2/repository/org/hamcrest/hamcrest/2.1/hamcrest-2.1.jar:/Users/arpithahm/.m2/repository/org/ccil/cowan/tagsoup/tagsoup/1.2.1/tagsoup-1.2.1.jar:/Users/arpithahm/.m2/repository/io/rest-assured/json-path/4.1.2/json-path-4.1.2.jar:/Users/arpithahm/.m2/repository/org/codehaus/groovy/groovy-json/2.5.8/groovy-json-2.5.8.jar:/Users/arpithahm/.m2/repository/io/rest-assured/rest-assured-common/4.1.2/rest-assured-common-4.1.2.jar:/Users/arpithahm/.m2/repository/io/rest-assured/xml-path/4.1.2/xml-path-4.1.2.jar:/Users/arpithahm/.m2/repository/org/apache/commons/commons-lang3/3.4/commons-lang3-3.4.jar:/Users/arpithahm/.m2/repository/javax/xml/bind/jaxb-api/2.3.1/jaxb-api-2.3.1.jar:/Users/arpithahm/.m2/repository/javax/activation/javax.activation-api/1.2.0/javax.activation-api-1.2.0.jar:/Users/arpithahm/.m2/repository/com/sun/xml/bind/jaxb-osgi/2.3.0.1/jaxb-osgi-2.3.0.1.jar:/Users/arpithahm/.m2/repository/org/apache/sling/org.apache.sling.javax.activation/0.1.0/org.apache.sling.javax.activation-0.1.0.jar:/Users/arpithahm/.m2/repository/javax/activation/activation/1.1.1/activation-1.1.1.jar:/Users/arpithahm/.m2/repository/info/cukes/cucumber-java/1.2.4/cucumber-java-1.2.4.jar:/Users/arpithahm/.m2/repository/info/cukes/cucumber-core/1.2.4/cucumber-core-1.2.4.jar:/Users/arpithahm/.m2/repository/info/cukes/cucumber-html/0.2.3/cucumber-html-0.2.3.jar:/Users/arpithahm/.m2/repository/info/cukes/cucumber-jvm-deps/1.0.5/cucumber-jvm-deps-1.0.5.jar:/Users/arpithahm/.m2/repository/info/cukes/gherkin/2.12.2/gherkin-2.12.2.jar:/Users/arpithahm/.m2/repository/info/cukes/cucumber-junit/1.2.4/cucumber-junit-1.2.4.jar:/Users/arpithahm/.m2/repository/junit/junit/4.11/junit-4.11.jar:/Users/arpithahm/.m2/repository/com/fasterxml/jackson/core/jackson-databind/2.10.0/jackson-databind-2.10.0.jar:/Users/arpithahm/.m2/repository/com/fasterxml/jackson/core/jackson-annotations/2.10.0/jackson-annotations-2.10.0.jar:/Users/arpithahm/.m2/repository/com/fasterxml/jackson/core/jackson-core/2.10.0/jackson-core-2.10.0.jar:/Users/arpithahm/.m2/repository/io/rest-assured/json-schema-validator/4.1.2/json-schema-validator-4.1.2.jar:/Users/arpithahm/.m2/repository/com/github/java-json-tools/json-schema-validator/2.2.10/json-schema-validator-2.2.10.jar:/Users/arpithahm/.m2/repository/com/github/java-json-tools/json-schema-core/1.2.10/json-schema-core-1.2.10.jar:/Users/arpithahm/.m2/repository/com/github/java-json-tools/jackson-coreutils/1.9/jackson-coreutils-1.9.jar:/Users/arpithahm/.m2/repository/com/google/guava/guava/16.0.1/guava-16.0.1.jar:/Users/arpithahm/.m2/repository/com/github/fge/msg-simple/1.1/msg-simple-1.1.jar:/Users/arpithahm/.m2/repository/com/github/fge/btf/1.2/btf-1.2.jar:/Users/arpithahm/.m2/repository/com/github/fge/uri-template/0.9/uri-template-0.9.jar:/Users/arpithahm/.m2/repository/org/mozilla/rhino/1.7.7.1/rhino-1.7.7.1.jar:/Users/arpithahm/.m2/repository/javax/mail/mailapi/1.4.3/mailapi-1.4.3.jar:/Users/arpithahm/.m2/repository/joda-time/joda-time/2.9.7/joda-time-2.9.7.jar:/Users/arpithahm/.m2/repository/com/googlecode/libphonenumber/libphonenumber/8.0.0/libphonenumber-8.0.0.jar:/Users/arpithahm/.m2/repository/com/google/code/findbugs/jsr305/3.0.1/jsr305-3.0.1.jar:/Users/arpithahm/.m2/repository/net/sf/jopt-simple/jopt-simple/5.0.3/jopt-simple-5.0.3.jar:/Users/arpithahm/.m2/repository/com/jayway/restassured/rest-assured/2.9.0/rest-assured-2.9.0.jar:/Users/arpithahm/.m2/repository/org/hamcrest/hamcrest-core/1.3/hamcrest-core-1.3.jar:/Users/arpithahm/.m2/repository/org/hamcrest/hamcrest-library/1.3/hamcrest-library-1.3.jar:/Users/arpithahm/.m2/repository/com/jayway/restassured/json-path/2.9.0/json-path-2.9.0.jar:/Users/arpithahm/.m2/repository/com/jayway/restassured/rest-assured-common/2.9.0/rest-assured-common-2.9.0.jar:/Users/arpithahm/.m2/repository/com/jayway/restassured/xml-path/2.9.0/xml-path-2.9.0.jar:"/>
    <property name="sun.cpu.endian" value="little"/>
    <property name="user.home" value="/Users/arpithahm"/>
    <property name="user.language" value="en"/>
    <property name="java.specification.vendor" value="Oracle Corporation"/>
    <property name="java.version.date" value="2019-07-16"/>
    <property name="java.home" value="/Library/Java/JavaVirtualMachines/jdk-11.0.4.jdk/Contents/Home"/>
    <property name="file.separator" value="/"/>
    <property name="basedir" value="/Users/arpithahm/testProjectRestAssuresd"/>
    <property name="java.vm.compressedOopsMode" value="Zero based"/>
    <property name="line.separator" value="&#10;"/>
    <property name="java.specification.name" value="Java Platform API Specification"/>
    <property name="java.vm.specification.vendor" value="Oracle Corporation"/>
    <property name="java.awt.graphicsenv" value="sun.awt.CGraphicsEnvironment"/>
    <property name="surefire.real.class.path" value="/Users/arpithahm/testProjectRestAssuresd/target/surefire/surefirebooter13347105186353311440.jar"/>
    <property name="sun.management.compiler" value="HotSpot 64-Bit Tiered Compilers"/>
    <property name="ftp.nonProxyHosts" value="local|*.local|169.254/16|*.169.254/16"/>
    <property name="java.runtime.version" value="11.0.4+10-LTS"/>
    <property name="user.name" value="arpithahm"/>
    <property name="path.separator" value=":"/>
    <property name="os.version" value="10.14"/>
    <property name="java.runtime.name" value="Java(TM) SE Runtime Environment"/>
    <property name="file.encoding" value="UTF-8"/>
    <property name="java.vm.name" value="Java HotSpot(TM) 64-Bit Server VM"/>
    <property name="java.vendor.version" value="18.9"/>
    <property name="localRepository" value="/Users/arpithahm/.m2/repository"/>
    <property name="java.vendor.url.bug" value="http://bugreport.java.com/bugreport/"/>
    <property name="java.io.tmpdir" value="/var/folders/hq/5zl4h3095n738sh1r0xdx2v80000gn/T/"/>
    <property name="java.version" value="11.0.4"/>
    <property name="user.dir" value="/Users/arpithahm/testProjectRestAssuresd"/>
    <property name="os.arch" value="x86_64"/>
    <property name="java.vm.specification.name" value="Java Virtual Machine Specification"/>
    <property name="java.awt.printerjob" value="sun.lwawt.macosx.CPrinterJob"/>
    <property name="sun.os.patch.level" value="unknown"/>
    <property name="java.library.path" value="/Users/arpithahm/Library/Java/Extensions:/Library/Java/Extensions:/Network/Library/Java/Extensions:/System/Library/Java/Extensions:/usr/lib/java:."/>
    <property name="java.vendor" value="Oracle Corporation"/>
    <property name="java.vm.info" value="mixed mode"/>
    <property name="java.vm.version" value="11.0.4+10-LTS"/>
    <property name="idea.version2019.3" value="true"/>
    <property name="sun.io.unicode.encoding" value="UnicodeBig"/>
    <property name="java.class.version" value="55.0"/>
    <property name="socksNonProxyHosts" value="local|*.local|169.254/16|*.169.254/16"/>
  </properties>
  <testcase name="Given I perform GET operation for &quot;/posts&quot;" classname="Scenario: Verify the status code of the given endpoint" time="0.001"/>
  <testcase name="Then I should get the StatusCode &quot;200&quot;" classname="Scenario: Verify the status code of the given endpoint" time="0.001"/>
  <testcase name="Scenario: Verify the status code of the given endpoint" classname="Scenario: Verify the status code of the given endpoint" time="0.001"/>
  <testcase name="Given I perform GET operation for &quot;/posts&quot;" classname="| Content-Type | application/json |" time="0"/>
  <testcase name="Then I should get the &quot;Content-Type&quot; as &quot;application/json&quot;" classname="| Content-Type | application/json |" time="0.005">
    <failure message="expected:&lt;application/json[; charset=utf-8]&gt; but was:&lt;application/json[]&gt;" type="org.junit.ComparisonFailure"><![CDATA[org.junit.ComparisonFailure: expected:<application/json[; charset=utf-8]> but was:<application/json[]>
]]></failure>
  </testcase>
  <testcase name="| Content-Type | application/json |" classname="| Content-Type | application/json |" time="0.006">
    <failure message="expected:&lt;application/json[; charset=utf-8]&gt; but was:&lt;application/json[]&gt;" type="org.junit.ComparisonFailure"><![CDATA[org.junit.ComparisonFailure: expected:<application/json[; charset=utf-8]> but was:<application/json[]>
]]></failure>
  </testcase>
  <testcase name="Given I perform GET operation for &quot;/posts&quot;" classname="| Server | cloudflare |" time="0"/>
  <testcase name="Then I should get the &quot;Server&quot; as &quot;cloudflare&quot;" classname="| Server | cloudflare |" time="0"/>
  <testcase name="| Server | cloudflare |" classname="| Server | cloudflare |" time="0"/>
  <testcase name="Given I perform GET operation for &quot;/posts&quot;" classname="| Content-Encoding | gzip |" time="0"/>
  <testcase name="Then I should get the &quot;Content-Encoding&quot; as &quot;gzip&quot;" classname="| Content-Encoding | gzip |" time="0"/>
  <testcase name="| Content-Encoding | gzip |" classname="| Content-Encoding | gzip |" time="0.001"/>
</testsuite>